Namespace(cal_dropout_rate=0.5, cal_wdecay=None, calibration='TS', config=True, dataset='Cora', dropout_rate=0.5, ece_bins=15, ece_norm=1.0, ece_scheme='equal_width', folds=3, gats_args=Namespace(bias=1, heads=2), help=None, model='GAT', save_prediction=False, seed=10, split_type='5_3f_85', verbose=False, wdecay=0.0005)
0 0
0 1
0 2
0 3
0 4
1 0
1 1
1 2
1 3
1 4
2 0
2 1
2 2
2 3
2 4
3 0
3 1
3 2
3 3
3 4
4 0
4 1
4 2
4 3
4 4
Val NNL: &0.0963
Nodewise Accuracy: &83.41$\pm$0.73 	NLL: &0.5719$\pm$0.0780 	Brier: &0.2602$\pm$0.0314 	ECE: &7.99$\pm$6.96 	Classwise-ECE: &3.16$\pm$1.87 	KDE: &7.67$\pm$7.11
Nodewise Accuracy: &83.41$\pm$0.73 	NLL: &0.5410$\pm$0.0396 	Brier: &0.2471$\pm$0.0109 	ECE: &4.27$\pm$1.88 	Classwise-ECE: &2.17$\pm$0.31 	KDE: &3.56$\pm$1.69
